[0.607s] Invoking command in '/home/blinn/Rocketry/antenna-tracker/AntennaTrackerWS/src/stepper_controller': DEBUGINFOD_URLS=https://debuginfod.ubuntu.com PYTHONPATH=/home/blinn/Rocketry/antenna-tracker/AntennaTrackerWS/build/stepper_controller/prefix_override:/usr/lib/python3/dist-packages/colcon_core/task/python/colcon_distutils_commands:/home/blinn/Rocketry/antenna-tracker/AntennaTrackerWS/install/stepper_controller/lib/python3.12/site-packages:${PYTHONPATH} /usr/bin/python3 -W ignore:setup.py install is deprecated setup.py egg_info --egg-base ../../build/stepper_controller build --build-base /home/blinn/Rocketry/antenna-tracker/AntennaTrackerWS/build/stepper_controller/build install --record /home/blinn/Rocketry/antenna-tracker/AntennaTrackerWS/build/stepper_controller/install.log --single-version-externally-managed install_data
[0.796s] running egg_info
[0.811s] writing ../../build/stepper_controller/stepper_controller.egg-info/PKG-INFO
[0.811s] writing dependency_links to ../../build/stepper_controller/stepper_controller.egg-info/dependency_links.txt
[0.811s] writing entry points to ../../build/stepper_controller/stepper_controller.egg-info/entry_points.txt
[0.811s] writing requirements to ../../build/stepper_controller/stepper_controller.egg-info/requires.txt
[0.811s] writing top-level names to ../../build/stepper_controller/stepper_controller.egg-info/top_level.txt
[0.841s] reading manifest file '../../build/stepper_controller/stepper_controller.egg-info/SOURCES.txt'
[0.841s] writing manifest file '../../build/stepper_controller/stepper_controller.egg-info/SOURCES.txt'
[0.841s] running build
[0.841s] running build_py
[0.841s] copying stepper_controller/my_first_node.py -> /home/blinn/Rocketry/antenna-tracker/AntennaTrackerWS/build/stepper_controller/build/lib/stepper_controller
[0.841s] running install
[0.845s] running install_lib
[0.860s] copying /home/blinn/Rocketry/antenna-tracker/AntennaTrackerWS/build/stepper_controller/build/lib/stepper_controller/my_first_node.py -> /home/blinn/Rocketry/antenna-tracker/AntennaTrackerWS/install/stepper_controller/lib/python3.12/site-packages/stepper_controller
[0.860s] byte-compiling /home/blinn/Rocketry/antenna-tracker/AntennaTrackerWS/install/stepper_controller/lib/python3.12/site-packages/stepper_controller/my_first_node.py to my_first_node.cpython-312.pyc
[0.861s] running install_data
[0.861s] running install_egg_info
[0.876s] removing '/home/blinn/Rocketry/antenna-tracker/AntennaTrackerWS/install/stepper_controller/lib/python3.12/site-packages/stepper_controller-0.0.0-py3.12.egg-info' (and everything under it)
[0.878s] Copying ../../build/stepper_controller/stepper_controller.egg-info to /home/blinn/Rocketry/antenna-tracker/AntennaTrackerWS/install/stepper_controller/lib/python3.12/site-packages/stepper_controller-0.0.0-py3.12.egg-info
[0.879s] running install_scripts
[0.994s] Installing test_node script to /home/blinn/Rocketry/antenna-tracker/AntennaTrackerWS/install/stepper_controller/lib/stepper_controller
[0.994s] writing list of installed files to '/home/blinn/Rocketry/antenna-tracker/AntennaTrackerWS/build/stepper_controller/install.log'
[1.015s] Invoked command in '/home/blinn/Rocketry/antenna-tracker/AntennaTrackerWS/src/stepper_controller' returned '0': DEBUGINFOD_URLS=https://debuginfod.ubuntu.com PYTHONPATH=/home/blinn/Rocketry/antenna-tracker/AntennaTrackerWS/build/stepper_controller/prefix_override:/usr/lib/python3/dist-packages/colcon_core/task/python/colcon_distutils_commands:/home/blinn/Rocketry/antenna-tracker/AntennaTrackerWS/install/stepper_controller/lib/python3.12/site-packages:${PYTHONPATH} /usr/bin/python3 -W ignore:setup.py install is deprecated setup.py egg_info --egg-base ../../build/stepper_controller build --build-base /home/blinn/Rocketry/antenna-tracker/AntennaTrackerWS/build/stepper_controller/build install --record /home/blinn/Rocketry/antenna-tracker/AntennaTrackerWS/build/stepper_controller/install.log --single-version-externally-managed install_data
