[0.610s] Invoking command in '/home/blinn/Rocketry/antenna-tracker/AntennaTrackerWS/src/stepper_controller': DEBUGINFOD_URLS=https://debuginfod.ubuntu.com PYTHONPATH=/home/blinn/Rocketry/antenna-tracker/AntennaTrackerWS/build/stepper_controller/prefix_override:/usr/lib/python3/dist-packages/colcon_core/task/python/colcon_distutils_commands:/home/blinn/Rocketry/antenna-tracker/AntennaTrackerWS/install/stepper_controller/lib/python3.12/site-packages:${PYTHONPATH} /usr/bin/python3 -W ignore:setup.py install is deprecated setup.py egg_info --egg-base ../../build/stepper_controller build --build-base /home/blinn/Rocketry/antenna-tracker/AntennaTrackerWS/build/stepper_controller/build install --record /home/blinn/Rocketry/antenna-tracker/AntennaTrackerWS/build/stepper_controller/install.log --single-version-externally-managed install_data
[0.802s] running egg_info
[0.815s] writing ../../build/stepper_controller/stepper_controller.egg-info/PKG-INFO
[0.816s] writing dependency_links to ../../build/stepper_controller/stepper_controller.egg-info/dependency_links.txt
[0.816s] writing entry points to ../../build/stepper_controller/stepper_controller.egg-info/entry_points.txt
[0.816s] writing requirements to ../../build/stepper_controller/stepper_controller.egg-info/requires.txt
[0.816s] writing top-level names to ../../build/stepper_controller/stepper_controller.egg-info/top_level.txt
[0.845s] reading manifest file '../../build/stepper_controller/stepper_controller.egg-info/SOURCES.txt'
[0.845s] writing manifest file '../../build/stepper_controller/stepper_controller.egg-info/SOURCES.txt'
[0.846s] running build
[0.846s] running build_py
[0.846s] running install
[0.850s] running install_lib
[0.865s] running install_data
[0.865s] running install_egg_info
[0.880s] removing '/home/blinn/Rocketry/antenna-tracker/AntennaTrackerWS/install/stepper_controller/lib/python3.12/site-packages/stepper_controller-0.0.0-py3.12.egg-info' (and everything under it)
[0.885s] Copying ../../build/stepper_controller/stepper_controller.egg-info to /home/blinn/Rocketry/antenna-tracker/AntennaTrackerWS/install/stepper_controller/lib/python3.12/site-packages/stepper_controller-0.0.0-py3.12.egg-info
[0.885s] running install_scripts
[0.986s] Installing test_node script to /home/blinn/Rocketry/antenna-tracker/AntennaTrackerWS/install/stepper_controller/lib/stepper_controller
[0.986s] writing list of installed files to '/home/blinn/Rocketry/antenna-tracker/AntennaTrackerWS/build/stepper_controller/install.log'
[1.003s] Invoked command in '/home/blinn/Rocketry/antenna-tracker/AntennaTrackerWS/src/stepper_controller' returned '0': DEBUGINFOD_URLS=https://debuginfod.ubuntu.com PYTHONPATH=/home/blinn/Rocketry/antenna-tracker/AntennaTrackerWS/build/stepper_controller/prefix_override:/usr/lib/python3/dist-packages/colcon_core/task/python/colcon_distutils_commands:/home/blinn/Rocketry/antenna-tracker/AntennaTrackerWS/install/stepper_controller/lib/python3.12/site-packages:${PYTHONPATH} /usr/bin/python3 -W ignore:setup.py install is deprecated setup.py egg_info --egg-base ../../build/stepper_controller build --build-base /home/blinn/Rocketry/antenna-tracker/AntennaTrackerWS/build/stepper_controller/build install --record /home/blinn/Rocketry/antenna-tracker/AntennaTrackerWS/build/stepper_controller/install.log --single-version-externally-managed install_data
