/home/blinn/Rocketry/antenna-tracker/AntennaTrackerWS/install/stepper_controller/lib/python3.12/site-packages/scripts/__init__.py
/home/blinn/Rocketry/antenna-tracker/AntennaTrackerWS/install/stepper_controller/lib/python3.12/site-packages/scripts/stepper_services.py
/home/blinn/Rocketry/antenna-tracker/AntennaTrackerWS/install/stepper_controller/lib/python3.12/site-packages/scripts/stepper_actions.py
/home/blinn/Rocketry/antenna-tracker/AntennaTrackerWS/install/stepper_controller/lib/python3.12/site-packages/stepper_controller/__init__.py
/home/blinn/Rocketry/antenna-tracker/AntennaTrackerWS/install/stepper_controller/lib/python3.12/site-packages/stepper_controller/stepperController.py
/home/blinn/Rocketry/antenna-tracker/AntennaTrackerWS/install/stepper_controller/lib/python3.12/site-packages/scripts/__pycache__/__init__.cpython-312.pyc
/home/blinn/Rocketry/antenna-tracker/AntennaTrackerWS/install/stepper_controller/lib/python3.12/site-packages/scripts/__pycache__/stepper_services.cpython-312.pyc
/home/blinn/Rocketry/antenna-tracker/AntennaTrackerWS/install/stepper_controller/lib/python3.12/site-packages/scripts/__pycache__/stepper_actions.cpython-312.pyc
/home/blinn/Rocketry/antenna-tracker/AntennaTrackerWS/install/stepper_controller/lib/python3.12/site-packages/stepper_controller/__pycache__/__init__.cpython-312.pyc
/home/blinn/Rocketry/antenna-tracker/AntennaTrackerWS/install/stepper_controller/lib/python3.12/site-packages/stepper_controller/__pycache__/stepperController.cpython-312.pyc
/home/blinn/Rocketry/antenna-tracker/AntennaTrackerWS/install/stepper_controller/share/ament_index/resource_index/packages/stepper_controller
/home/blinn/Rocketry/antenna-tracker/AntennaTrackerWS/install/stepper_controller/share/stepper_controller/package.xml
/home/blinn/Rocketry/antenna-tracker/AntennaTrackerWS/install/stepper_controller/lib/python3.12/site-packages/stepper_controller-0.0.0-py3.12.egg-info/SOURCES.txt
/home/blinn/Rocketry/antenna-tracker/AntennaTrackerWS/install/stepper_controller/lib/python3.12/site-packages/stepper_controller-0.0.0-py3.12.egg-info/requires.txt
/home/blinn/Rocketry/antenna-tracker/AntennaTrackerWS/install/stepper_controller/lib/python3.12/site-packages/stepper_controller-0.0.0-py3.12.egg-info/dependency_links.txt
/home/blinn/Rocketry/antenna-tracker/AntennaTrackerWS/install/stepper_controller/lib/python3.12/site-packages/stepper_controller-0.0.0-py3.12.egg-info/zip-safe
/home/blinn/Rocketry/antenna-tracker/AntennaTrackerWS/install/stepper_controller/lib/python3.12/site-packages/stepper_controller-0.0.0-py3.12.egg-info/entry_points.txt
/home/blinn/Rocketry/antenna-tracker/AntennaTrackerWS/install/stepper_controller/lib/python3.12/site-packages/stepper_controller-0.0.0-py3.12.egg-info/top_level.txt
/home/blinn/Rocketry/antenna-tracker/AntennaTrackerWS/install/stepper_controller/lib/python3.12/site-packages/stepper_controller-0.0.0-py3.12.egg-info/PKG-INFO
/home/blinn/Rocketry/antenna-tracker/AntennaTrackerWS/install/stepper_controller/lib/stepper_controller/test_node
