running egg_info
writing ../../build/stepper_controller/stepper_controller.egg-info/PKG-INFO
writing dependency_links to ../../build/stepper_controller/stepper_controller.egg-info/dependency_links.txt
writing entry points to ../../build/stepper_controller/stepper_controller.egg-info/entry_points.txt
writing requirements to ../../build/stepper_controller/stepper_controller.egg-info/requires.txt
writing top-level names to ../../build/stepper_controller/stepper_controller.egg-info/top_level.txt
reading manifest file '../../build/stepper_controller/stepper_controller.egg-info/SOURCES.txt'
writing manifest file '../../build/stepper_controller/stepper_controller.egg-info/SOURCES.txt'
running build
running build_py
copying stepper_controller/my_first_node.py -> /home/blinn/Rocketry/antenna-tracker/AntennaTrackerWS/build/stepper_controller/build/lib/stepper_controller
running install
running install_lib
copying /home/blinn/Rocketry/antenna-tracker/AntennaTrackerWS/build/stepper_controller/build/lib/stepper_controller/my_first_node.py -> /home/blinn/Rocketry/antenna-tracker/AntennaTrackerWS/install/stepper_controller/lib/python3.12/site-packages/stepper_controller
byte-compiling /home/blinn/Rocketry/antenna-tracker/AntennaTrackerWS/install/stepper_controller/lib/python3.12/site-packages/stepper_controller/my_first_node.py to my_first_node.cpython-312.pyc
running install_data
running install_egg_info
removing '/home/blinn/Rocketry/antenna-tracker/AntennaTrackerWS/install/stepper_controller/lib/python3.12/site-packages/stepper_controller-0.0.0-py3.12.egg-info' (and everything under it)
Copying ../../build/stepper_controller/stepper_controller.egg-info to /home/blinn/Rocketry/antenna-tracker/AntennaTrackerWS/install/stepper_controller/lib/python3.12/site-packages/stepper_controller-0.0.0-py3.12.egg-info
running install_scripts
Installing test_node script to /home/blinn/Rocketry/antenna-tracker/AntennaTrackerWS/install/stepper_controller/lib/stepper_controller
writing list of installed files to '/home/blinn/Rocketry/antenna-tracker/AntennaTrackerWS/build/stepper_controller/install.log'
